::1 - - [07/Apr/2016:11:11:09 +0000] "GET /heavenview/register.html HTTP/1.1" 200 - "-" "Mozilla/5.0 (Windows NT 10.0; WOW64) AppleWebKit/537.36 (KHTML, like Gecko) Chrome/49.0.2623.110 Safari/537.36"
::1 - - [07/Apr/2016:11:11:09 +0000] "GET /heavenview/assets/css/main.css HTTP/1.1" 200 - "http://localhost:2014/heavenview/register.html" "Mozilla/5.0 (Windows NT 10.0; WOW64) AppleWebKit/537.36 (KHTML, like Gecko) Chrome/49.0.2623.110 Safari/537.36"
::1 - - [07/Apr/2016:11:11:09 +0000] "GET /heavenview/assets/js/main.js HTTP/1.1" 200 - "http://localhost:2014/heavenview/register.html" "Mozilla/5.0 (Windows NT 10.0; WOW64) AppleWebKit/537.36 (KHTML, like Gecko) Chrome/49.0.2623.110 Safari/537.36"
::1 - - [07/Apr/2016:11:11:09 +0000] "GET /heavenview/assets/css/reset.css HTTP/1.1" 200 - "http://localhost:2014/heavenview/register.html" "Mozilla/5.0 (Windows NT 10.0; WOW64) AppleWebKit/537.36 (KHTML, like Gecko) Chrome/49.0.2623.110 Safari/537.36"
::1 - - [07/Apr/2016:11:11:09 +0000] "GET /heavenview/assets/css/bootstrap.min.css HTTP/1.1" 200 - "http://localhost:2014/heavenview/register.html" "Mozilla/5.0 (Windows NT 10.0; WOW64) AppleWebKit/537.36 (KHTML, like Gecko) Chrome/49.0.2623.110 Safari/537.36"
::1 - - [07/Apr/2016:11:11:09 +0000] "GET /heavenview/assets/js/require.js HTTP/1.1" 200 - "http://localhost:2014/heavenview/register.html" "Mozilla/5.0 (Windows NT 10.0; WOW64) AppleWebKit/537.36 (KHTML, like Gecko) Chrome/49.0.2623.110 Safari/537.36"
::1 - - [07/Apr/2016:11:11:10 +0000] "GET /heavenview/assets/js/jquery.js HTTP/1.1" 200 - "http://localhost:2014/heavenview/register.html" "Mozilla/5.0 (Windows NT 10.0; WOW64) AppleWebKit/537.36 (KHTML, like Gecko) Chrome/49.0.2623.110 Safari/537.36"
::1 - - [07/Apr/2016:11:11:10 +0000] "GET /heavenview/assets/art/heaven.png HTTP/1.1" 200 - "http://localhost:2014/heavenview/assets/css/main.css" "Mozilla/5.0 (Windows NT 10.0; WOW64) AppleWebKit/537.36 (KHTML, like Gecko) Chrome/49.0.2623.110 Safari/537.36"
::1 - - [07/Apr/2016:11:11:10 +0000] "GET /heavenview/assets/css/reset.css HTTP/1.1" 200 - "-" "Mozilla/5.0 (Windows NT 10.0; WOW64) AppleWebKit/537.36 (KHTML, like Gecko) Chrome/49.0.2623.110 Safari/537.36"
::1 - - [07/Apr/2016:11:11:10 +0000] "GET /heavenview/assets/js/jquery.js HTTP/1.1" 200 - "-" "Mozilla/5.0 (Windows NT 10.0; WOW64) AppleWebKit/537.36 (KHTML, like Gecko) Chrome/49.0.2623.110 Safari/537.36"
::1 - - [07/Apr/2016:11:11:10 +0000] "GET /heavenview/assets/css/bootstrap.min.css HTTP/1.1" 200 - "-" "Mozilla/5.0 (Windows NT 10.0; WOW64) AppleWebKit/537.36 (KHTML, like Gecko) Chrome/49.0.2623.110 Safari/537.36"
::1 - - [07/Apr/2016:11:11:10 +0000] "GET /heavenview/assets/js/require.js HTTP/1.1" 200 - "-" "Mozilla/5.0 (Windows NT 10.0; WOW64) AppleWebKit/537.36 (KHTML, like Gecko) Chrome/49.0.2623.110 Safari/537.36"
::1 - - [07/Apr/2016:11:11:10 +0000] "GET /favicon.ico HTTP/1.1" 404 24 "http://localhost:2014/heavenview/register.html" "Mozilla/5.0 (Windows NT 10.0; WOW64) AppleWebKit/537.36 (KHTML, like Gecko) Chrome/49.0.2623.110 Safari/537.36"
::1 - - [07/Apr/2016:11:11:10 +0000] "GET /heavenview/assets/css/main.css HTTP/1.1" 200 - "-" "Mozilla/5.0 (Windows NT 10.0; WOW64) AppleWebKit/537.36 (KHTML, like Gecko) Chrome/49.0.2623.110 Safari/537.36"
::1 - - [07/Apr/2016:11:11:10 +0000] "GET /heavenview/assets/js/main.js HTTP/1.1" 200 - "-" "Mozilla/5.0 (Windows NT 10.0; WOW64) AppleWebKit/537.36 (KHTML, like Gecko) Chrome/49.0.2623.110 Safari/537.36"
::1 - - [07/Apr/2016:11:11:10 +0000] "GET /heavenview/assets/js/jquery.js HTTP/1.1" 200 - "http://localhost:2014/heavenview/register.html" "Mozilla/5.0 (Windows NT 10.0; WOW64) AppleWebKit/537.36 (KHTML, like Gecko) Chrome/49.0.2623.110 Safari/537.36"
::1 - - [07/Apr/2016:11:11:10 +0000] "GET /heavenview/assets/js/jqPlugs/cookie.js HTTP/1.1" 200 - "http://localhost:2014/heavenview/register.html" "Mozilla/5.0 (Windows NT 10.0; WOW64) AppleWebKit/537.36 (KHTML, like Gecko) Chrome/49.0.2623.110 Safari/537.36"
::1 - - [07/Apr/2016:11:11:19 +0000] "GET /heavenview/register.html HTTP/1.1" 200 - "-" "Mozilla/5.0 (Windows NT 10.0; WOW64) AppleWebKit/537.36 (KHTML, like Gecko) Chrome/49.0.2623.110 Safari/537.36"
::1 - - [07/Apr/2016:11:11:19 +0000] "GET /heavenview/assets/css/reset.css HTTP/1.1" 200 - "http://localhost:2014/heavenview/register.html" "Mozilla/5.0 (Windows NT 10.0; WOW64) AppleWebKit/537.36 (KHTML, like Gecko) Chrome/49.0.2623.110 Safari/537.36"
::1 - - [07/Apr/2016:11:11:20 +0000] "GET /heavenview/assets/css/main.css HTTP/1.1" 200 - "http://localhost:2014/heavenview/register.html" "Mozilla/5.0 (Windows NT 10.0; WOW64) AppleWebKit/537.36 (KHTML, like Gecko) Chrome/49.0.2623.110 Safari/537.36"
::1 - - [07/Apr/2016:11:11:20 +0000] "GET /heavenview/assets/js/main.js HTTP/1.1" 200 - "http://localhost:2014/heavenview/register.html" "Mozilla/5.0 (Windows NT 10.0; WOW64) AppleWebKit/537.36 (KHTML, like Gecko) Chrome/49.0.2623.110 Safari/537.36"
::1 - - [07/Apr/2016:11:11:20 +0000] "GET /heavenview/assets/css/bootstrap.min.css HTTP/1.1" 200 - "http://localhost:2014/heavenview/register.html" "Mozilla/5.0 (Windows NT 10.0; WOW64) AppleWebKit/537.36 (KHTML, like Gecko) Chrome/49.0.2623.110 Safari/537.36"
::1 - - [07/Apr/2016:11:11:20 +0000] "GET /heavenview/assets/js/jquery.js HTTP/1.1" 200 - "http://localhost:2014/heavenview/register.html" "Mozilla/5.0 (Windows NT 10.0; WOW64) AppleWebKit/537.36 (KHTML, like Gecko) Chrome/49.0.2623.110 Safari/537.36"
::1 - - [07/Apr/2016:11:11:20 +0000] "GET /heavenview/assets/js/require.js HTTP/1.1" 200 - "http://localhost:2014/heavenview/register.html" "Mozilla/5.0 (Windows NT 10.0; WOW64) AppleWebKit/537.36 (KHTML, like Gecko) Chrome/49.0.2623.110 Safari/537.36"
::1 - - [07/Apr/2016:11:11:20 +0000] "GET /heavenview/assets/art/heaven.png HTTP/1.1" 200 - "http://localhost:2014/heavenview/assets/css/main.css" "Mozilla/5.0 (Windows NT 10.0; WOW64) AppleWebKit/537.36 (KHTML, like Gecko) Chrome/49.0.2623.110 Safari/537.36"
::1 - - [07/Apr/2016:11:11:20 +0000] "GET /heavenview/assets/css/reset.css HTTP/1.1" 200 - "-" "Mozilla/5.0 (Windows NT 10.0; WOW64) AppleWebKit/537.36 (KHTML, like Gecko) Chrome/49.0.2623.110 Safari/537.36"
::1 - - [07/Apr/2016:11:11:20 +0000] "GET /heavenview/assets/js/jquery.js HTTP/1.1" 200 - "-" "Mozilla/5.0 (Windows NT 10.0; WOW64) AppleWebKit/537.36 (KHTML, like Gecko) Chrome/49.0.2623.110 Safari/537.36"
::1 - - [07/Apr/2016:11:11:20 +0000] "GET /heavenview/assets/css/bootstrap.min.css HTTP/1.1" 200 - "-" "Mozilla/5.0 (Windows NT 10.0; WOW64) AppleWebKit/537.36 (KHTML, like Gecko) Chrome/49.0.2623.110 Safari/537.36"
::1 - - [07/Apr/2016:11:11:20 +0000] "GET /heavenview/assets/js/require.js HTTP/1.1" 200 - "-" "Mozilla/5.0 (Windows NT 10.0; WOW64) AppleWebKit/537.36 (KHTML, like Gecko) Chrome/49.0.2623.110 Safari/537.36"
::1 - - [07/Apr/2016:11:11:20 +0000] "GET /heavenview/assets/js/jqPlugs/cookie.js HTTP/1.1" 200 - "http://localhost:2014/heavenview/register.html" "Mozilla/5.0 (Windows NT 10.0; WOW64) AppleWebKit/537.36 (KHTML, like Gecko) Chrome/49.0.2623.110 Safari/537.36"
::1 - - [07/Apr/2016:11:11:20 +0000] "GET /heavenview/assets/js/jquery.js HTTP/1.1" 200 - "http://localhost:2014/heavenview/register.html" "Mozilla/5.0 (Windows NT 10.0; WOW64) AppleWebKit/537.36 (KHTML, like Gecko) Chrome/49.0.2623.110 Safari/537.36"
::1 - - [07/Apr/2016:11:11:20 +0000] "GET /heavenview/assets/css/main.css HTTP/1.1" 200 - "-" "Mozilla/5.0 (Windows NT 10.0; WOW64) AppleWebKit/537.36 (KHTML, like Gecko) Chrome/49.0.2623.110 Safari/537.36"
::1 - - [07/Apr/2016:11:11:20 +0000] "GET /heavenview/assets/js/main.js HTTP/1.1" 200 - "-" "Mozilla/5.0 (Windows NT 10.0; WOW64) AppleWebKit/537.36 (KHTML, like Gecko) Chrome/49.0.2623.110 Safari/537.36"
::1 - - [07/Apr/2016:11:11:23 +0000] "GET /heavenview/assets/css/reset.css HTTP/1.1" 200 - "http://localhost:2014/heavenview/register.html" "Mozilla/5.0 (Windows NT 10.0; WOW64) AppleWebKit/537.36 (KHTML, like Gecko) Chrome/49.0.2623.110 Safari/537.36"
::1 - - [07/Apr/2016:11:11:23 +0000] "GET /heavenview/assets/css/main.css HTTP/1.1" 200 - "http://localhost:2014/heavenview/register.html" "Mozilla/5.0 (Windows NT 10.0; WOW64) AppleWebKit/537.36 (KHTML, like Gecko) Chrome/49.0.2623.110 Safari/537.36"
::1 - - [07/Apr/2016:11:11:23 +0000] "GET /heavenview/assets/css/bootstrap.min.css HTTP/1.1" 200 - "http://localhost:2014/heavenview/register.html" "Mozilla/5.0 (Windows NT 10.0; WOW64) AppleWebKit/537.36 (KHTML, like Gecko) Chrome/49.0.2623.110 Safari/537.36"
::1 - - [07/Apr/2016:11:11:23 +0000] "GET /heavenview/assets/css/main.css.map HTTP/1.1" 200 - "-" "Mozilla/5.0 (Windows NT 10.0; WOW64) AppleWebKit/537.36 (KHTML, like Gecko) Chrome/49.0.2623.110 Safari/537.36"
[0mGET /heavenview/register.html [32m200 [0m31.879 ms - -[0m
[0mGET /heavenview/assets/css/reset.css [32m200 [0m3.420 ms - -[0m
[0mGET /heavenview/assets/js/main.js [32m200 [0m3.473 ms - -[0m
[0mGET /heavenview/assets/css/main.css [32m200 [0m20.000 ms - -[0m
[0mGET /heavenview/assets/css/bootstrap.min.css [32m200 [0m45.046 ms - -[0m
[0mGET /heavenview/assets/js/require.js [32m200 [0m56.160 ms - -[0m
[0mGET /heavenview/assets/js/jquery.js [32m200 [0m60.722 ms - -[0m
[0mGET /heavenview/assets/art/heaven.png [32m200 [0m16.943 ms - -[0m
[0mGET /heavenview/assets/css/reset.css [32m200 [0m0.394 ms - -[0m
[0mGET /heavenview/assets/js/jquery.js [32m200 [0m0.611 ms - -[0m
[0mGET /heavenview/assets/css/bootstrap.min.css [32m200 [0m1.026 ms - -[0m
[0mGET /heavenview/assets/js/require.js [32m200 [0m0.416 ms - -[0m
[0mGET /favicon.ico [33m404 [0m2.007 ms - 24[0m
[0mGET /heavenview/assets/css/main.css [32m200 [0m4.750 ms - -[0m
[0mGET /heavenview/assets/js/jquery.js [32m200 [0m6.217 ms - -[0m
[0mGET /heavenview/assets/js/main.js [32m200 [0m5.998 ms - -[0m
[0mGET /heavenview/assets/js/jqPlugs/cookie.js [32m200 [0m19.729 ms - -[0m
[0mGET /heavenview/assets/css/reset.css [32m200 [0m1.129 ms - -[0m
[0mGET /heavenview/assets/css/main.css [32m200 [0m1.095 ms - -[0m
[0mGET /heavenview/assets/css/bootstrap.min.css [32m200 [0m1.928 ms - -[0m
[0mGET /heavenview/assets/css/main.css.map [32m200 [0m21.862 ms - -[0m
[0mGET /favicon.ico [33m404 [0m0.566 ms - 24[0m
[0mGET /heavenview/register.html [32m200 [0m2.921 ms - -[0m
[0mGET /heavenview/assets/css/reset.css [32m200 [0m3.830 ms - -[0m
[0mGET /heavenview/assets/css/bootstrap.min.css [32m200 [0m6.430 ms - -[0m
[0mGET /heavenview/assets/css/main.css [32m200 [0m6.960 ms - -[0m
[0mGET /heavenview/assets/js/jquery.js [32m200 [0m7.034 ms - -[0m
[0mGET /heavenview/assets/js/main.js [32m200 [0m7.208 ms - -[0m
[0mGET /heavenview/assets/js/require.js [32m200 [0m9.122 ms - -[0m
[0mGET /heavenview/assets/css/main.css.map [32m200 [0m0.549 ms - -[0m
[0mGET /heavenview/assets/art/heaven.png [32m200 [0m0.604 ms - -[0m
[0mGET /heavenview/assets/css/reset.css [32m200 [0m0.487 ms - -[0m
[0mGET /heavenview/assets/js/jquery.js [32m200 [0m0.833 ms - -[0m
[0mGET /heavenview/assets/css/bootstrap.min.css [32m200 [0m0.690 ms - -[0m
[0mGET /heavenview/assets/js/require.js [32m200 [0m1.638 ms - -[0m
[0mGET /heavenview/assets/js/jqPlugs/cookie.js [32m200 [0m0.557 ms - -[0m
[0mGET /heavenview/assets/js/jquery.js [32m200 [0m1.506 ms - -[0m
[0mGET /heavenview/assets/art/heaven.png [32m200 [0m1.201 ms - -[0m
[0mGET /heavenview/assets/css/main.css [32m200 [0m5.030 ms - -[0m
[0mGET /heavenview/assets/js/main.js [32m200 [0m4.501 ms - -[0m
[0mGET /heavenview/register.html [32m200 [0m0.898 ms - -[0m
[0mGET /heavenview/assets/css/reset.css [32m200 [0m5.388 ms - -[0m
[0mGET /heavenview/assets/css/main.css [32m200 [0m4.165 ms - -[0m
[0mGET /heavenview/assets/js/jquery.js [32m200 [0m7.312 ms - -[0m
[0mGET /heavenview/assets/js/main.js [32m200 [0m6.470 ms - -[0m
[0mGET /heavenview/assets/js/require.js [32m200 [0m7.864 ms - -[0m
[0mGET /heavenview/assets/css/bootstrap.min.css [32m200 [0m14.799 ms - -[0m
[0mGET /heavenview/assets/css/main.css.map [32m200 [0m0.472 ms - -[0m
[0mGET /heavenview/assets/art/heaven.png [32m200 [0m0.555 ms - -[0m
[0mGET /heavenview/assets/css/reset.css [32m200 [0m0.429 ms - -[0m
[0mGET /heavenview/assets/js/jquery.js [32m200 [0m0.760 ms - -[0m
[0mGET /heavenview/assets/css/bootstrap.min.css [32m200 [0m0.784 ms - -[0m
[0mGET /heavenview/assets/js/require.js [32m200 [0m0.478 ms - -[0m
[0mGET /heavenview/assets/art/favicon.png [33m404 [0m0.515 ms - -[0m
[0mGET /heavenview/assets/js/jqPlugs/cookie.js [32m200 [0m1.644 ms - -[0m
[0mGET /heavenview/assets/css/main.css [32m200 [0m1.804 ms - -[0m
[0mGET /heavenview/assets/js/jquery.js [32m200 [0m3.298 ms - -[0m
[0mGET /heavenview/assets/js/main.js [32m200 [0m2.580 ms - -[0m
[0mGET /heavenview/register.html [32m200 [0m2.174 ms - -[0m
[0mGET /heavenview/assets/css/reset.css [32m200 [0m7.869 ms - -[0m
[0mGET /heavenview/assets/css/main.css [32m200 [0m4.997 ms - -[0m
[0mGET /heavenview/assets/css/bootstrap.min.css [32m200 [0m7.712 ms - -[0m
[0mGET /heavenview/assets/js/require.js [32m200 [0m3.440 ms - -[0m
[0mGET /heavenview/assets/js/main.js [32m200 [0m3.779 ms - -[0m
[0mGET /heavenview/assets/js/jquery.js [32m200 [0m6.512 ms - -[0m
[0mGET /heavenview/assets/css/main.css.map [32m200 [0m1.216 ms - -[0m
[0mGET /heavenview/assets/art/heaven.png [32m200 [0m1.101 ms - -[0m
[0mGET /heavenview/assets/css/reset.css [32m200 [0m1.210 ms - -[0m
[0mGET /heavenview/assets/js/jquery.js [32m200 [0m1.212 ms - -[0m
[0mGET /heavenview/assets/css/bootstrap.min.css [32m200 [0m1.247 ms - -[0m
[0mGET /heavenview/assets/js/require.js [32m200 [0m1.191 ms - -[0m
[0mGET /heavenview/assets/css/main.css [32m200 [0m0.428 ms - -[0m
[0mGET /heavenview/assets/js/jqPlugs/cookie.js [32m200 [0m0.792 ms - -[0m
[0mGET /heavenview/assets/js/main.js [32m200 [0m0.675 ms - -[0m
[0mGET /heavenview/assets/js/jquery.js [32m200 [0m1.424 ms - -[0m
[0mGET /heavenview/register.html [32m200 [0m0.576 ms - -[0m
[0mGET /heavenview/assets/css/reset.css [32m200 [0m1.740 ms - -[0m
[0mGET /heavenview/assets/css/bootstrap.min.css [32m200 [0m1.838 ms - -[0m
[0mGET /heavenview/assets/js/jquery.js [32m200 [0m1.921 ms - -[0m
[0mGET /heavenview/assets/js/require.js [32m200 [0m2.472 ms - -[0m
[0mGET /heavenview/assets/css/main.css [32m200 [0m3.540 ms - -[0m
[0mGET /heavenview/assets/js/main.js [32m200 [0m3.182 ms - -[0m
[0mGET /heavenview/assets/art/heaven.png [32m200 [0m0.538 ms - -[0m
[0mGET /heavenview/assets/css/main.css.map [32m200 [0m1.858 ms - -[0m
[0mGET /heavenview/assets/css/reset.css [32m200 [0m0.471 ms - -[0m
[0mGET /heavenview/assets/js/jquery.js [32m200 [0m1.032 ms - -[0m
[0mGET /heavenview/assets/css/bootstrap.min.css [32m200 [0m1.131 ms - -[0m
[0mGET /heavenview/assets/js/require.js [32m200 [0m0.697 ms - -[0m
[0mGET /heavenview/assets/js/jquery.js [32m200 [0m1.166 ms - -[0m
[0mGET /heavenview/assets/js/jqPlugs/cookie.js [32m200 [0m1.642 ms - -[0m
[0mGET /heavenview/assets/art/favicon.ico [32m200 [0m4.911 ms - -[0m
[0mGET /heavenview/assets/js/main.js [32m200 [0m3.323 ms - -[0m
[0mGET /heavenview/assets/css/main.css [32m200 [0m5.041 ms - -[0m
::1 - GET /heavenview/register.html HTTP/1.1 200 - - 8.383 ms
::1 - GET /heavenview/assets/css/reset.css HTTP/1.1 200 - - 6.869 ms
::1 - GET /heavenview/assets/css/main.css HTTP/1.1 200 - - 6.622 ms
::1 - GET /heavenview/assets/css/bootstrap.min.css HTTP/1.1 200 - - 5.636 ms
::1 - GET /heavenview/assets/js/jquery.js HTTP/1.1 200 - - 8.980 ms
::1 - GET /heavenview/assets/js/main.js HTTP/1.1 200 - - 7.768 ms
::1 - GET /heavenview/assets/js/require.js HTTP/1.1 200 - - 8.616 ms
::1 - GET /heavenview/assets/css/main.css.map HTTP/1.1 200 - - 1.397 ms
::1 - GET /heavenview/assets/art/heaven.png HTTP/1.1 200 - - 1.405 ms
::1 - GET /heavenview/assets/css/reset.css HTTP/1.1 200 - - 0.495 ms
::1 - GET /heavenview/assets/js/jquery.js HTTP/1.1 200 - - 0.576 ms
::1 - GET /heavenview/assets/css/bootstrap.min.css HTTP/1.1 200 - - 2.177 ms
::1 - GET /heavenview/assets/js/require.js HTTP/1.1 200 - - 0.698 ms
::1 - GET /heavenview/assets/js/main.js HTTP/1.1 200 - - 0.953 ms
::1 - GET /heavenview/assets/css/main.css HTTP/1.1 200 - - 1.549 ms
::1 - GET /heavenview/assets/js/jqPlugs/cookie.js HTTP/1.1 200 - - 2.564 ms
::1 - GET /heavenview/assets/js/jquery.js HTTP/1.1 200 - - 3.417 ms
::1 - GET /heavenview/register.html HTTP/1.1 200 - - 1.495 ms
::1 - GET /heavenview/assets/css/reset.css HTTP/1.1 200 - - 1.045 ms
::1 - GET /heavenview/assets/css/main.css HTTP/1.1 200 - - 3.286 ms
::1 - GET /heavenview/assets/js/require.js HTTP/1.1 200 - - 1.882 ms
::1 - GET /heavenview/assets/css/bootstrap.min.css HTTP/1.1 200 - - 4.947 ms
::1 - GET /heavenview/assets/js/main.js HTTP/1.1 200 - - 4.124 ms
::1 - GET /heavenview/assets/js/jquery.js HTTP/1.1 200 - - 6.860 ms
::1 - GET /heavenview/assets/css/main.css.map HTTP/1.1 200 - - 1.030 ms
::1 - GET /heavenview/assets/art/heaven.png HTTP/1.1 200 - - 1.155 ms
::1 - GET /heavenview/assets/css/reset.css HTTP/1.1 200 - - 0.596 ms
::1 - GET /heavenview/assets/js/jquery.js HTTP/1.1 200 - - 1.026 ms
::1 - GET /heavenview/assets/css/bootstrap.min.css HTTP/1.1 200 - - 0.692 ms
::1 - GET /heavenview/assets/js/require.js HTTP/1.1 200 - - 0.409 ms
::1 - GET /heavenview/assets/css/main.css HTTP/1.1 200 - - 0.841 ms
::1 - GET /heavenview/assets/js/jqPlugs/cookie.js HTTP/1.1 200 - - 1.399 ms
::1 - GET /heavenview/assets/js/jquery.js HTTP/1.1 200 - - 2.083 ms
::1 - GET /heavenview/assets/js/main.js HTTP/1.1 200 - - 1.757 ms
::1 - GET /heavenview/register.html HTTP/1.1 200 - - 1.421 ms
::1 - GET /heavenview/assets/css/reset.css HTTP/1.1 200 - - 2.101 ms
::1 - GET /heavenview/assets/css/main.css HTTP/1.1 200 - - 1.714 ms
::1 - GET /heavenview/assets/css/bootstrap.min.css HTTP/1.1 200 - - 2.835 ms
::1 - GET /heavenview/assets/js/jquery.js HTTP/1.1 200 - - 4.117 ms
::1 - GET /heavenview/assets/js/require.js HTTP/1.1 200 - - 5.217 ms
::1 - GET /heavenview/assets/js/main.js HTTP/1.1 200 - - 5.750 ms
::1 - GET /heavenview/assets/css/main.css.map HTTP/1.1 200 - - 0.620 ms
::1 - GET /heavenview/assets/art/heaven.png HTTP/1.1 200 - - 0.520 ms
::1 - GET /heavenview/assets/css/reset.css HTTP/1.1 200 - - 1.527 ms
::1 - GET /heavenview/assets/js/jquery.js HTTP/1.1 200 - - 0.710 ms
::1 - GET /heavenview/assets/css/bootstrap.min.css HTTP/1.1 200 - - 4.837 ms
::1 - GET /heavenview/assets/js/require.js HTTP/1.1 200 - - 0.463 ms
::1 - GET /heavenview/assets/css/main.css HTTP/1.1 200 - - 0.627 ms
::1 - GET /heavenview/assets/js/jqPlugs/cookie.js HTTP/1.1 200 - - 1.777 ms
::1 - GET /heavenview/assets/js/main.js HTTP/1.1 200 - - 1.109 ms
::1 - GET /heavenview/assets/js/jquery.js HTTP/1.1 200 - - 2.662 ms
::1 - GET /heavenview/register.html HTTP/1.1 200 - - 1.605 ms
::1 - GET /heavenview/assets/css/main.css HTTP/1.1 200 - - 2.388 ms
::1 - GET /heavenview/assets/css/reset.css HTTP/1.1 200 - - 4.488 ms
::1 - GET /heavenview/assets/css/bootstrap.min.css HTTP/1.1 200 - - 4.173 ms
::1 - GET /heavenview/assets/js/jquery.js HTTP/1.1 200 - - 3.699 ms
::1 - GET /heavenview/assets/js/main.js HTTP/1.1 200 - - 3.931 ms
::1 - GET /heavenview/assets/js/require.js HTTP/1.1 200 - - 4.747 ms
::1 - GET /heavenview/assets/css/main.css.map HTTP/1.1 200 - - 0.645 ms
::1 - GET /heavenview/assets/art/heaven.png HTTP/1.1 200 - - 0.818 ms
::1 - GET /heavenview/assets/css/reset.css HTTP/1.1 200 - - 0.612 ms
::1 - GET /heavenview/assets/js/jquery.js HTTP/1.1 200 - - 0.611 ms
::1 - GET /heavenview/assets/css/bootstrap.min.css HTTP/1.1 200 - - 0.742 ms
::1 - GET /heavenview/assets/js/require.js HTTP/1.1 200 - - 0.488 ms
::1 - GET /heavenview/assets/js/jquery.js HTTP/1.1 200 - - 4.757 ms
::1 - GET /heavenview/assets/css/main.css HTTP/1.1 200 - - 4.470 ms
::1 - GET /heavenview/assets/js/jqPlugs/cookie.js HTTP/1.1 200 - - 5.576 ms
::1 - GET /heavenview/assets/js/main.js HTTP/1.1 200 - - 3.279 ms
::1 - GET /heavenview/register.html HTTP/1.1 200 - - 2.305 ms
::1 - GET /heavenview/assets/css/reset.css HTTP/1.1 200 - - 0.780 ms
::1 - GET /heavenview/assets/css/main.css HTTP/1.1 200 - - 1.882 ms
::1 - GET /heavenview/assets/js/jquery.js HTTP/1.1 200 - - 2.111 ms
::1 - GET /heavenview/assets/css/bootstrap.min.css HTTP/1.1 200 - - 4.248 ms
::1 - GET /heavenview/assets/js/require.js HTTP/1.1 200 - - 3.543 ms
::1 - GET /heavenview/assets/js/main.js HTTP/1.1 200 - - 4.441 ms
::1 - GET /heavenview/assets/css/main.css.map HTTP/1.1 200 - - 0.426 ms
::1 - GET /heavenview/assets/art/heaven.png HTTP/1.1 200 - - 0.907 ms
::1 - GET /heavenview/assets/css/reset.css HTTP/1.1 200 - - 0.581 ms
::1 - GET /heavenview/assets/js/jquery.js HTTP/1.1 200 - - 0.858 ms
::1 - GET /heavenview/assets/css/bootstrap.min.css HTTP/1.1 200 - - 2.162 ms
::1 - GET /heavenview/assets/js/require.js HTTP/1.1 200 - - 0.527 ms
::1 - GET /heavenview/assets/js/jqPlugs/cookie.js HTTP/1.1 200 - - 0.767 ms
::1 - GET /heavenview/assets/css/main.css HTTP/1.1 200 - - 1.106 ms
::1 - GET /heavenview/assets/js/jquery.js HTTP/1.1 200 - - 1.753 ms
::1 - GET /heavenview/assets/js/main.js HTTP/1.1 200 - - 1.975 ms
::1 - GET /heavenview/register.html HTTP/1.1 200 - - 1.812 ms
::1 - GET /heavenview/assets/css/reset.css HTTP/1.1 200 - - 3.551 ms
::1 - GET /heavenview/assets/css/main.css HTTP/1.1 200 - - 2.931 ms
::1 - GET /heavenview/assets/css/bootstrap.min.css HTTP/1.1 200 - - 3.794 ms
::1 - GET /heavenview/assets/js/jquery.js HTTP/1.1 200 - - 3.389 ms
::1 - GET /heavenview/assets/js/require.js HTTP/1.1 200 - - 4.141 ms
::1 - GET /heavenview/assets/js/main.js HTTP/1.1 200 - - 4.668 ms
::1 - GET /heavenview/assets/css/main.css.map HTTP/1.1 200 - - 2.340 ms
::1 - GET /heavenview/assets/art/heaven.png HTTP/1.1 200 - - 2.339 ms
::1 - GET /heavenview/assets/css/reset.css HTTP/1.1 200 - - 0.565 ms
::1 - GET /heavenview/assets/js/jquery.js HTTP/1.1 200 - - 0.896 ms
::1 - GET /heavenview/assets/css/bootstrap.min.css HTTP/1.1 200 - - 0.475 ms
::1 - GET /heavenview/assets/js/require.js HTTP/1.1 200 - - 0.983 ms
::1 - GET /heavenview/assets/js/jqPlugs/cookie.js HTTP/1.1 200 - - 0.714 ms
::1 - GET /heavenview/assets/js/jquery.js HTTP/1.1 200 - - 1.291 ms
::1 - GET /heavenview/assets/css/main.css HTTP/1.1 200 - - 1.833 ms
::1 - GET /heavenview/assets/js/main.js HTTP/1.1 200 - - 2.012 ms
::1 - GET /heavenview/register.html HTTP/1.1 200 - - 1.358 ms
::1 - GET /heavenview/assets/css/main.css HTTP/1.1 200 - - 2.585 ms
::1 - GET /heavenview/assets/js/require.js HTTP/1.1 200 - - 2.171 ms
::1 - GET /heavenview/assets/js/main.js HTTP/1.1 200 - - 2.504 ms
::1 - GET /heavenview/assets/css/reset.css HTTP/1.1 200 - - 5.094 ms
::1 - GET /heavenview/assets/css/bootstrap.min.css HTTP/1.1 200 - - 4.930 ms
::1 - GET /heavenview/assets/js/jquery.js HTTP/1.1 200 - - 7.573 ms
::1 - GET /heavenview/assets/css/main.css.map HTTP/1.1 200 - - 0.629 ms
::1 - GET /heavenview/assets/art/heaven.png HTTP/1.1 200 - - 0.603 ms
::1 - GET /heavenview/assets/css/reset.css HTTP/1.1 200 - - 0.617 ms
::1 - GET /heavenview/assets/js/jquery.js HTTP/1.1 200 - - 0.657 ms
::1 - GET /heavenview/assets/css/bootstrap.min.css HTTP/1.1 200 - - 1.826 ms
::1 - GET /heavenview/assets/js/require.js HTTP/1.1 200 - - 0.449 ms
::1 - GET /heavenview/assets/js/jqPlugs/cookie.js HTTP/1.1 200 - - 0.967 ms
::1 - GET /heavenview/assets/css/main.css HTTP/1.1 200 - - 0.778 ms
::1 - GET /heavenview/assets/js/main.js HTTP/1.1 200 - - 0.666 ms
::1 - GET /heavenview/assets/js/jquery.js HTTP/1.1 200 - - 2.055 ms
::1 - GET /heavenview/register.html HTTP/1.1 200 - - 0.373 ms
::1 - GET /heavenview/assets/css/reset.css HTTP/1.1 200 - - 2.338 ms
::1 - GET /heavenview/assets/css/main.css HTTP/1.1 200 - - 2.055 ms
::1 - GET /heavenview/assets/css/bootstrap.min.css HTTP/1.1 200 - - 2.618 ms
::1 - GET /heavenview/assets/js/jquery.js HTTP/1.1 200 - - 2.862 ms
::1 - GET /heavenview/assets/js/require.js HTTP/1.1 200 - - 3.427 ms
::1 - GET /heavenview/assets/js/main.js HTTP/1.1 200 - - 3.605 ms
::1 - GET /heavenview/assets/css/main.css.map HTTP/1.1 200 - - 0.583 ms
::1 - GET /heavenview/assets/art/heaven.png HTTP/1.1 200 - - 0.686 ms
::1 - GET /heavenview/assets/css/reset.css HTTP/1.1 200 - - 0.484 ms
::1 - GET /heavenview/assets/js/jquery.js HTTP/1.1 200 - - 0.756 ms
::1 - GET /heavenview/assets/css/bootstrap.min.css HTTP/1.1 200 - - 2.605 ms
::1 - GET /heavenview/assets/js/require.js HTTP/1.1 200 - - 6.665 ms
::1 - GET /heavenview/assets/js/jquery.js HTTP/1.1 200 - - 6.040 ms
::1 - GET /heavenview/assets/js/jqPlugs/cookie.js HTTP/1.1 200 - - 7.254 ms
::1 - GET /heavenview/register.html HTTP/1.1 200 - - 5.029 ms
::1 - GET /heavenview/assets/css/main.css HTTP/1.1 200 - - 4.020 ms
::1 - GET /heavenview/assets/js/main.js HTTP/1.1 200 - - 3.990 ms
::1 - GET /heavenview/assets/css/main.css HTTP/1.1 200 - - 0.559 ms
::1 - GET /heavenview/assets/js/main.js HTTP/1.1 200 - - 0.593 ms
::1 - GET /heavenview/assets/css/bootstrap.min.css HTTP/1.1 200 - - 2.003 ms
::1 - GET /heavenview/register.html HTTP/1.1 200 - - 2.913 ms
::1 - GET /heavenview/assets/js/require.js HTTP/1.1 200 - - 3.040 ms
::1 - GET /heavenview/assets/css/reset.css HTTP/1.1 200 - - 5.838 ms
::1 - GET /heavenview/assets/css/reset.css HTTP/1.1 200 - - 2.069 ms
::1 - GET /heavenview/assets/css/bootstrap.min.css HTTP/1.1 200 - - 1.968 ms
::1 - GET /heavenview/assets/css/main.css HTTP/1.1 200 - - 2.378 ms
::1 - GET /heavenview/assets/js/require.js HTTP/1.1 200 - - 2.411 ms
::1 - GET /heavenview/assets/js/main.js HTTP/1.1 200 - - 2.950 ms
::1 - GET /heavenview/assets/js/jquery.js HTTP/1.1 200 - - 3.625 ms
::1 - GET /heavenview/assets/css/main.css.map HTTP/1.1 200 - - 0.447 ms
::1 - GET /heavenview/assets/art/heaven.png HTTP/1.1 200 - - 0.470 ms
::1 - GET /heavenview/assets/css/reset.css HTTP/1.1 200 - - 0.635 ms
::1 - GET /heavenview/assets/js/jquery.js HTTP/1.1 200 - - 0.497 ms
::1 - GET /heavenview/assets/css/bootstrap.min.css HTTP/1.1 200 - - 1.440 ms
::1 - GET /heavenview/assets/js/require.js HTTP/1.1 200 - - 0.644 ms
::1 - GET /heavenview/assets/js/jquery.js HTTP/1.1 200 - - 4.638 ms
::1 - GET /heavenview/assets/js/jqPlugs/cookie.js HTTP/1.1 200 - - 4.852 ms
::1 - GET /heavenview/assets/css/main.css HTTP/1.1 200 - - 1.515 ms
::1 - GET /heavenview/assets/js/main.js HTTP/1.1 200 - - 1.518 ms
::1 - GET /heavenview/register.html HTTP/1.1 200 - - 1.456 ms
::1 - GET /heavenview/assets/css/reset.css HTTP/1.1 200 - - 1.864 ms
::1 - GET /heavenview/assets/css/main.css HTTP/1.1 200 - - 1.807 ms
::1 - GET /heavenview/assets/css/bootstrap.min.css HTTP/1.1 200 - - 2.571 ms
::1 - GET /heavenview/assets/js/require.js HTTP/1.1 200 - - 2.756 ms
::1 - GET /heavenview/assets/js/main.js HTTP/1.1 200 - - 3.104 ms
::1 - GET /heavenview/assets/js/jquery.js HTTP/1.1 200 - - 3.877 ms
::1 - GET /heavenview/assets/css/main.css.map HTTP/1.1 200 - - 0.656 ms
::1 - GET /heavenview/assets/art/heaven.png HTTP/1.1 200 - - 1.152 ms
::1 - GET /heavenview/register.html HTTP/1.1 200 - - 1.016 ms
::1 - GET /heavenview/assets/css/reset.css HTTP/1.1 200 - - 1.594 ms
::1 - GET /heavenview/assets/css/bootstrap.min.css HTTP/1.1 200 - - 1.343 ms
::1 - GET /heavenview/assets/css/main.css HTTP/1.1 200 - - 1.734 ms
::1 - GET /heavenview/assets/js/jquery.js HTTP/1.1 200 - - 0.877 ms
::1 - GET /heavenview/assets/js/require.js HTTP/1.1 200 - - 0.800 ms
::1 - GET /heavenview/assets/js/main.js HTTP/1.1 200 - - 1.015 ms
::1 - GET /heavenview/assets/css/main.css.map HTTP/1.1 200 - - 1.048 ms
::1 - GET /heavenview/assets/art/heaven.png HTTP/1.1 200 - - 0.836 ms
::1 - GET /heavenview/assets/css/reset.css HTTP/1.1 200 - - 0.538 ms
::1 - GET /heavenview/assets/js/jquery.js HTTP/1.1 200 - - 0.863 ms
::1 - GET /heavenview/assets/css/bootstrap.min.css HTTP/1.1 200 - - 0.817 ms
::1 - GET /heavenview/assets/js/require.js HTTP/1.1 200 - - 1.583 ms
::1 - GET /heavenview/assets/js/jqPlugs/cookie.js HTTP/1.1 200 - - 0.505 ms
::1 - GET /heavenview/assets/css/main.css HTTP/1.1 200 - - 0.590 ms
::1 - GET /heavenview/assets/js/main.js HTTP/1.1 200 - - 0.649 ms
::1 - GET /heavenview/assets/js/jquery.js HTTP/1.1 200 - - 1.557 ms
